# JRE version: Java(TM) SE Runtime Environment 18.9 (11.0.13+10) (build 11.0.13+10-LTS-370)
# Java VM: Java HotSpot(TM) 64-Bit Server VM 18.9 (11.0.13+10-LTS-370, mixed mode, tiered, compressed oops, g1 gc, windows-amd64)
Heap:
 garbage-first heap   total 262144K, used 154658K [0x00000000e0000000, 0x0000000100000000)
  region size 1024K, 99 young (101376K), 11 survivors (11264K)
 Metaspace       used 79047K, capacity 81932K, committed 82128K, reserved 456704K
  class space    used 10336K, capacity 11462K, committed 11596K, reserved 385024K
GC Heap History (10 events):
Event: 25.911 GC heap before
{Heap before GC invocations=8 (full 0):
 garbage-first heap   total 262144K, used 190893K [0x00000000e0000000, 0x0000000100000000)
  region size 1024K, 153 young (156672K), 8 survivors (8192K)
 Metaspace       used 58121K, capacity 59808K, committed 59856K, reserved 438272K
  class space    used 7560K, capacity 8250K, committed 8268K, reserved 385024K
}
Event: 25.927 GC heap after
{Heap after GC invocations=9 (full 0):
 garbage-first heap   total 262144K, used 45951K [0x00000000e0000000, 0x0000000100000000)
  region size 1024K, 13 young (13312K), 13 survivors (13312K)
 Metaspace       used 58121K, capacity 59808K, committed 59856K, reserved 438272K
  class space    used 7560K, capacity 8250K, committed 8268K, reserved 385024K
}
Event: 26.312 GC heap before
{Heap before GC invocations=9 (full 0):
 garbage-first heap   total 262144K, used 55167K [0x00000000e0000000, 0x0000000100000000)
  region size 1024K, 23 young (23552K), 13 survivors (13312K)
 Metaspace       used 58763K, capacity 60415K, committed 60496K, reserved 438272K
  class space    used 7656K, capacity 8346K, committed 8396K, reserved 385024K
}
Event: 26.329 GC heap after
{Heap after GC invocations=10 (full 0):
 garbage-first heap   total 262144K, used 46340K [0x00000000e0000000, 0x0000000100000000)
  region size 1024K, 6 young (6144K), 6 survivors (6144K)
 Metaspace       used 58763K, capacity 60415K, committed 60496K, reserved 438272K
  class space    used 7656K, capacity 8346K, committed 8396K, reserved 385024K
}
Event: 42.137 GC heap before
{Heap before GC invocations=11 (full 0):
 garbage-first heap   total 262144K, used 196868K [0x00000000e0000000, 0x0000000100000000)
  region size 1024K, 153 young (156672K), 6 survivors (6144K)
 Metaspace       used 70300K, capacity 72605K, committed 72912K, reserved 448512K
  class space    used 9311K, capacity 10239K, committed 10316K, reserved 385024K
}
Event: 42.155 GC heap after
{Heap after GC invocations=12 (full 0):
 garbage-first heap   total 262144K, used 55388K [0x00000000e0000000, 0x0000000100000000)
  region size 1024K, 15 young (15360K), 15 survivors (15360K)
 Metaspace       used 70300K, capacity 72605K, committed 72912K, reserved 448512K
  class space    used 9311K, capacity 10239K, committed 10316K, reserved 385024K
}
Event: 48.710 GC heap before
{Heap before GC invocations=12 (full 0):
 garbage-first heap   total 262144K, used 195676K [0x00000000e0000000, 0x0000000100000000)
  region size 1024K, 153 young (156672K), 15 survivors (15360K)
 Metaspace       used 73204K, capacity 75642K, committed 75728K, reserved 450560K
  class space    used 9526K, capacity 10490K, committed 10572K, reserved 385024K
}
Event: 48.737 GC heap after
{Heap after GC invocations=13 (full 0):
 garbage-first heap   total 262144K, used 63750K [0x00000000e0000000, 0x0000000100000000)
  region size 1024K, 18 young (18432K), 18 survivors (18432K)
 Metaspace       used 73204K, capacity 75642K, committed 75728K, reserved 450560K
  class space    used 9526K, capacity 10490K, committed 10572K, reserved 385024K
}
Event: 52.831 GC heap before
{Heap before GC invocations=13 (full 0):
 garbage-first heap   total 262144K, used 201990K [0x00000000e0000000, 0x0000000100000000)
  region size 1024K, 153 young (156672K), 18 survivors (18432K)
 Metaspace       used 76009K, capacity 78552K, committed 78672K, reserved 454656K
  class space    used 9865K, capacity 10904K, committed 10956K, reserved 385024K
}
Event: 52.857 GC heap after
{Heap after GC invocations=14 (full 0):
 garbage-first heap   total 262144K, used 65570K [0x00000000e0000000, 0x0000000100000000)
  region size 1024K, 11 young (11264K), 11 survivors (11264K)
 Metaspace       used 76009K, capacity 78552K, committed 78672K, reserved 454656K
  class space    used 9865K, capacity 10904K, committed 10956K, reserved 385024K
}

